Create string collection:

Append string hello (two times):

array (
  0 => 'hello',
  1 => 'hello',
  2 =>
  Test::__set_state(array(
  )),
)

Append string good bye:

array (
  0 => 'hello',
  1 => 'hello',
  2 =>
  Test::__set_state(array(
  )),
  3 => 'good bye',
)

Append integer, exception must be thrown:

OK Exception: Value expected for "LDL\Validators\StringValidator", must be of type string, "integer" was given

Implode collection by ':':

'hello:hello:Test:good bye'

Get unique string collection:

array (
  0 => 'hello',
  1 =>
  Test::__set_state(array(
  )),
  2 => 'good bye',
)

Implode unique collection by ':':

'hello:Test:good bye'
